{"/home/stefano/repo/transcript/transcript.js":{"path":"/home/stefano/repo/transcript/transcript.js","statementMap":{"0":{"start":{"line":1,"column":11},"end":{"line":1,"column":26}},"1":{"start":{"line":2,"column":13},"end":{"line":2,"column":33}},"2":{"start":{"line":3,"column":14},"end":{"line":3,"column":47}},"3":{"start":{"line":5,"column":49},"end":{"line":5,"column":72}},"4":{"start":{"line":7,"column":16},"end":{"line":7,"column":18}},"5":{"start":{"line":9,"column":0},"end":{"line":15,"column":1}},"6":{"start":{"line":10,"column":2},"end":{"line":10,"column":67}},"7":{"start":{"line":11,"column":2},"end":{"line":11,"column":71}},"8":{"start":{"line":12,"column":7},"end":{"line":15,"column":1}},"9":{"start":{"line":13,"column":2},"end":{"line":13,"column":70}},"10":{"start":{"line":14,"column":2},"end":{"line":14,"column":74}},"11":{"start":{"line":17,"column":19},"end":{"line":17,"column":60}},"12":{"start":{"line":19,"column":0},"end":{"line":25,"column":1}},"13":{"start":{"line":20,"column":2},"end":{"line":20,"column":68}},"14":{"start":{"line":21,"column":7},"end":{"line":25,"column":1}},"15":{"start":{"line":22,"column":2},"end":{"line":22,"column":28}},"16":{"start":{"line":23,"column":2},"end":{"line":23,"column":60}},"17":{"start":{"line":24,"column":2},"end":{"line":24,"column":93}}},"fnMap":{},"branchMap":{"0":{"loc":{"start":{"line":9,"column":0},"end":{"line":15,"column":1}},"type":"if","locations":[{"start":{"line":9,"column":0},"end":{"line":15,"column":1}},{"start":{"line":9,"column":0},"end":{"line":15,"column":1}}],"line":9},"1":{"loc":{"start":{"line":12,"column":7},"end":{"line":15,"column":1}},"type":"if","locations":[{"start":{"line":12,"column":7},"end":{"line":15,"column":1}},{"start":{"line":12,"column":7},"end":{"line":15,"column":1}}],"line":12},"2":{"loc":{"start":{"line":19,"column":0},"end":{"line":25,"column":1}},"type":"if","locations":[{"start":{"line":19,"column":0},"end":{"line":25,"column":1}},{"start":{"line":19,"column":0},"end":{"line":25,"column":1}}],"line":19},"3":{"loc":{"start":{"line":21,"column":7},"end":{"line":25,"column":1}},"type":"if","locations":[{"start":{"line":21,"column":7},"end":{"line":25,"column":1}},{"start":{"line":21,"column":7},"end":{"line":25,"column":1}}],"line":21}},"s":{"0":1,"1":1,"2":1,"3":1,"4":1,"5":1,"6":0,"7":0,"8":1,"9":1,"10":1,"11":1,"12":1,"13":0,"14":1,"15":1,"16":1,"17":1},"f":{},"b":{"0":[0,1],"1":[1,0],"2":[0,1],"3":[1,0]},"_coverageSchema":"332fd63041d2c1bcb487cc26dd0d5f7d97098a6c","hash":"4a2bf4b671f501a3dabc04825415d68c4feabf45","contentHash":"90daa0c795193cdc03c50c753b4de925_10.3.2"},"/home/stefano/repo/transcript/lib/transformation.js":{"path":"/home/stefano/repo/transcript/lib/transformation.js","statementMap":{"0":{"start":{"line":1,"column":16},"end":{"line":1,"column":53}},"1":{"start":{"line":2,"column":18},"end":{"line":2,"column":59}},"2":{"start":{"line":5,"column":2},"end":{"line":5,"column":99}},"3":{"start":{"line":5,"column":52},"end":{"line":5,"column":86}},"4":{"start":{"line":9,"column":21},"end":{"line":9,"column":36}},"5":{"start":{"line":10,"column":19},"end":{"line":13,"column":9}},"6":{"start":{"line":11,"column":4},"end":{"line":11,"column":66}},"7":{"start":{"line":12,"column":4},"end":{"line":12,"column":15}},"8":{"start":{"line":15,"column":2},"end":{"line":15,"column":31}},"9":{"start":{"line":18,"column":0},"end":{"line":22,"column":2}},"10":{"start":{"line":20,"column":4},"end":{"line":20,"column":47}}},"fnMap":{"0":{"name":"extractValue","decl":{"start":{"line":4,"column":9},"end":{"line":4,"column":21}},"loc":{"start":{"line":4,"column":41},"end":{"line":6,"column":1}},"line":4},"1":{"name":"(anonymous_1)","decl":{"start":{"line":5,"column":38},"end":{"line":5,"column":39}},"loc":{"start":{"line":5,"column":52},"end":{"line":5,"column":86}},"line":5},"2":{"name":"apply","decl":{"start":{"line":8,"column":9},"end":{"line":8,"column":14}},"loc":{"start":{"line":8,"column":31},"end":{"line":16,"column":1}},"line":8},"3":{"name":"(anonymous_3)","decl":{"start":{"line":10,"column":38},"end":{"line":10,"column":39}},"loc":{"start":{"line":10,"column":52},"end":{"line":13,"column":3}},"line":10}},"branchMap":{"0":{"loc":{"start":{"line":5,"column":52},"end":{"line":5,"column":86}},"type":"cond-expr","locations":[{"start":{"line":5,"column":70},"end":{"line":5,"column":79}},{"start":{"line":5,"column":82},"end":{"line":5,"column":86}}],"line":5},"1":{"loc":{"start":{"line":11,"column":13},"end":{"line":11,"column":65}},"type":"binary-expr","locations":[{"start":{"line":11,"column":13},"end":{"line":11,"column":38}},{"start":{"line":11,"column":42},"end":{"line":11,"column":65}}],"line":11}},"s":{"0":1,"1":1,"2":15,"3":43,"4":1,"5":1,"6":10,"7":10,"8":1,"9":1,"10":1},"f":{"0":15,"1":43,"2":1,"3":10},"b":{"0":[2,41],"1":[10,5]},"_coverageSchema":"332fd63041d2c1bcb487cc26dd0d5f7d97098a6c","hash":"968a0a16d2d240efe7c5d5992bdd4daa3353a734","contentHash":"cd0881222e2632ce86d8f75994b742d3_10.3.2"},"/home/stefano/repo/transcript/lib/flatten_object.js":{"path":"/home/stefano/repo/transcript/lib/flatten_object.js","statementMap":{"0":{"start":{"line":1,"column":17},"end":{"line":1,"column":46}},"1":{"start":{"line":2,"column":14},"end":{"line":2,"column":58}},"2":{"start":{"line":2,"column":19},"end":{"line":2,"column":58}},"3":{"start":{"line":5,"column":2},"end":{"line":12,"column":6}},"4":{"start":{"line":6,"column":16},"end":{"line":6,"column":64}},"5":{"start":{"line":6,"column":47},"end":{"line":6,"column":50}},"6":{"start":{"line":7,"column":4},"end":{"line":11,"column":5}},"7":{"start":{"line":8,"column":6},"end":{"line":8,"column":34}},"8":{"start":{"line":10,"column":6},"end":{"line":10,"column":22}},"9":{"start":{"line":13,"column":2},"end":{"line":13,"column":13}},"10":{"start":{"line":16,"column":0},"end":{"line":20,"column":2}},"11":{"start":{"line":18,"column":4},"end":{"line":18,"column":30}}},"fnMap":{"0":{"name":"(anonymous_0)","decl":{"start":{"line":2,"column":14},"end":{"line":2,"column":15}},"loc":{"start":{"line":2,"column":19},"end":{"line":2,"column":58}},"line":2},"1":{"name":"flatKeys","decl":{"start":{"line":4,"column":9},"end":{"line":4,"column":17}},"loc":{"start":{"line":4,"column":51},"end":{"line":14,"column":1}},"line":4},"2":{"name":"(anonymous_2)","decl":{"start":{"line":5,"column":36},"end":{"line":5,"column":37}},"loc":{"start":{"line":5,"column":42},"end":{"line":12,"column":3}},"line":5},"3":{"name":"(anonymous_3)","decl":{"start":{"line":6,"column":42},"end":{"line":6,"column":43}},"loc":{"start":{"line":6,"column":47},"end":{"line":6,"column":50}},"line":6}},"branchMap":{"0":{"loc":{"start":{"line":4,"column":27},"end":{"line":4,"column":38}},"type":"default-arg","locations":[{"start":{"line":4,"column":36},"end":{"line":4,"column":38}}],"line":4},"1":{"loc":{"start":{"line":4,"column":40},"end":{"line":4,"column":48}},"type":"default-arg","locations":[{"start":{"line":4,"column":46},"end":{"line":4,"column":48}}],"line":4},"2":{"loc":{"start":{"line":7,"column":4},"end":{"line":11,"column":5}},"type":"if","locations":[{"start":{"line":7,"column":4},"end":{"line":11,"column":5}},{"start":{"line":7,"column":4},"end":{"line":11,"column":5}}],"line":7}},"s":{"0":1,"1":1,"2":13,"3":4,"4":13,"5":26,"6":13,"7":3,"8":10,"9":4,"10":1,"11":1},"f":{"0":13,"1":4,"2":13,"3":26},"b":{"0":[1],"1":[1],"2":[3,10]},"_coverageSchema":"332fd63041d2c1bcb487cc26dd0d5f7d97098a6c","hash":"3a868f5a7e9b8b73bd8a046420d53d6f019c80fc","contentHash":"378a4a3f2e97645b75a1c18f9a045f39_10.3.2"},"/home/stefano/repo/transcript/lib/unflatten_object.js":{"path":"/home/stefano/repo/transcript/lib/unflatten_object.js","statementMap":{"0":{"start":{"line":1,"column":17},"end":{"line":1,"column":46}},"1":{"start":{"line":2,"column":14},"end":{"line":2,"column":58}},"2":{"start":{"line":2,"column":19},"end":{"line":2,"column":58}},"3":{"start":{"line":5,"column":2},"end":{"line":7,"column":3}},"4":{"start":{"line":6,"column":4},"end":{"line":6,"column":18}},"5":{"start":{"line":9,"column":17},"end":{"line":9,"column":32}},"6":{"start":{"line":11,"column":2},"end":{"line":22,"column":3}},"7":{"start":{"line":12,"column":4},"end":{"line":21,"column":8}},"8":{"start":{"line":13,"column":6},"end":{"line":20,"column":7}},"9":{"start":{"line":14,"column":8},"end":{"line":16,"column":9}},"10":{"start":{"line":15,"column":10},"end":{"line":15,"column":49}},"11":{"start":{"line":17,"column":8},"end":{"line":17,"column":46}},"12":{"start":{"line":19,"column":8},"end":{"line":19,"column":56}},"13":{"start":{"line":24,"column":2},"end":{"line":24,"column":41}},"14":{"start":{"line":27,"column":0},"end":{"line":41,"column":2}},"15":{"start":{"line":29,"column":16},"end":{"line":29,"column":18}},"16":{"start":{"line":30,"column":4},"end":{"line":37,"column":8}},"17":{"start":{"line":31,"column":19},"end":{"line":31,"column":39}},"18":{"start":{"line":32,"column":18},"end":{"line":32,"column":60}},"19":{"start":{"line":33,"column":6},"end":{"line":35,"column":7}},"20":{"start":{"line":34,"column":8},"end":{"line":34,"column":37}},"21":{"start":{"line":36,"column":6},"end":{"line":36,"column":30}},"22":{"start":{"line":39,"column":4},"end":{"line":39,"column":15}}},"fnMap":{"0":{"name":"(anonymous_0)","decl":{"start":{"line":2,"column":14},"end":{"line":2,"column":15}},"loc":{"start":{"line":2,"column":19},"end":{"line":2,"column":58}},"line":2},"1":{"name":"mergeDeep","decl":{"start":{"line":4,"column":9},"end":{"line":4,"column":18}},"loc":{"start":{"line":4,"column":41},"end":{"line":25,"column":1}},"line":4},"2":{"name":"(anonymous_2)","decl":{"start":{"line":12,"column":39},"end":{"line":12,"column":40}},"loc":{"start":{"line":12,"column":46},"end":{"line":21,"column":5}},"line":12},"3":{"name":"(anonymous_3)","decl":{"start":{"line":30,"column":33},"end":{"line":30,"column":34}},"loc":{"start":{"line":30,"column":44},"end":{"line":37,"column":5}},"line":30}},"branchMap":{"0":{"loc":{"start":{"line":5,"column":2},"end":{"line":7,"column":3}},"type":"if","locations":[{"start":{"line":5,"column":2},"end":{"line":7,"column":3}},{"start":{"line":5,"column":2},"end":{"line":7,"column":3}}],"line":5},"1":{"loc":{"start":{"line":11,"column":2},"end":{"line":22,"column":3}},"type":"if","locations":[{"start":{"line":11,"column":2},"end":{"line":22,"column":3}},{"start":{"line":11,"column":2},"end":{"line":22,"column":3}}],"line":11},"2":{"loc":{"start":{"line":11,"column":7},"end":{"line":11,"column":41}},"type":"binary-expr","locations":[{"start":{"line":11,"column":7},"end":{"line":11,"column":22}},{"start":{"line":11,"column":26},"end":{"line":11,"column":41}}],"line":11},"3":{"loc":{"start":{"line":13,"column":6},"end":{"line":20,"column":7}},"type":"if","locations":[{"start":{"line":13,"column":6},"end":{"line":20,"column":7}},{"start":{"line":13,"column":6},"end":{"line":20,"column":7}}],"line":13},"4":{"loc":{"start":{"line":14,"column":8},"end":{"line":16,"column":9}},"type":"if","locations":[{"start":{"line":14,"column":8},"end":{"line":16,"column":9}},{"start":{"line":14,"column":8},"end":{"line":16,"column":9}}],"line":14}},"s":{"0":1,"1":1,"2":81,"3":54,"4":27,"5":27,"6":27,"7":27,"8":27,"9":17,"10":3,"11":17,"12":10,"13":27,"14":1,"15":1,"16":1,"17":10,"18":10,"19":10,"20":17,"21":10,"22":1},"f":{"0":81,"1":54,"2":27,"3":10},"b":{"0":[27,27],"1":[27,0],"2":[27,27],"3":[17,10],"4":[3,14]},"_coverageSchema":"332fd63041d2c1bcb487cc26dd0d5f7d97098a6c","hash":"2426e5a2e1aa256372322bc45f7f417cab146bef","contentHash":"9d9d3b2aa4833c063d27e5305c631bab_10.3.2"}}