{"/home/stefano/repo/transcript/spec/smartling_unflatten_json_spec.js":{"path":"/home/stefano/repo/transcript/spec/smartling_unflatten_json_spec.js","statementMap":{"0":{"start":{"line":1,"column":13},"end":{"line":1,"column":30}},"1":{"start":{"line":2,"column":17},"end":{"line":2,"column":50}},"2":{"start":{"line":3,"column":11},"end":{"line":3,"column":24}},"3":{"start":{"line":5,"column":15},"end":{"line":5,"column":28}},"4":{"start":{"line":6,"column":15},"end":{"line":6,"column":26}},"5":{"start":{"line":7,"column":15},"end":{"line":7,"column":26}},"6":{"start":{"line":9,"column":0},"end":{"line":23,"column":4}},"7":{"start":{"line":11,"column":2},"end":{"line":22,"column":6}},"8":{"start":{"line":13,"column":17},"end":{"line":13,"column":42}},"9":{"start":{"line":14,"column":19},"end":{"line":14,"column":46}},"10":{"start":{"line":16,"column":4},"end":{"line":16,"column":67}},"11":{"start":{"line":18,"column":19},"end":{"line":18,"column":58}},"12":{"start":{"line":20,"column":4},"end":{"line":20,"column":62}},"13":{"start":{"line":21,"column":4},"end":{"line":21,"column":63}}},"fnMap":{"0":{"name":"(anonymous_0)","decl":{"start":{"line":9,"column":38},"end":{"line":9,"column":39}},"loc":{"start":{"line":9,"column":44},"end":{"line":23,"column":1}},"line":9},"1":{"name":"(anonymous_1)","decl":{"start":{"line":11,"column":82},"end":{"line":11,"column":83}},"loc":{"start":{"line":11,"column":94},"end":{"line":22,"column":3}},"line":11}},"branchMap":{},"s":{"0":1,"1":1,"2":1,"3":1,"4":1,"5":1,"6":1,"7":1,"8":1,"9":1,"10":1,"11":1,"12":1,"13":1},"f":{"0":1,"1":1},"b":{},"_coverageSchema":"332fd63041d2c1bcb487cc26dd0d5f7d97098a6c","hash":"276a16393a36a79377978d6543d5db06daa41c00","contentHash":"1e8b23f565b2d079203ce12ad390630c_10.3.2"},"/home/stefano/repo/transcript/spec/transcript_json_spec.js":{"path":"/home/stefano/repo/transcript/spec/transcript_json_spec.js","statementMap":{"0":{"start":{"line":1,"column":13},"end":{"line":1,"column":30}},"1":{"start":{"line":2,"column":17},"end":{"line":2,"column":50}},"2":{"start":{"line":3,"column":11},"end":{"line":3,"column":24}},"3":{"start":{"line":5,"column":15},"end":{"line":5,"column":28}},"4":{"start":{"line":6,"column":15},"end":{"line":6,"column":26}},"5":{"start":{"line":7,"column":15},"end":{"line":7,"column":26}},"6":{"start":{"line":9,"column":0},"end":{"line":24,"column":4}},"7":{"start":{"line":11,"column":2},"end":{"line":23,"column":6}},"8":{"start":{"line":13,"column":17},"end":{"line":13,"column":37}},"9":{"start":{"line":14,"column":19},"end":{"line":14,"column":41}},"10":{"start":{"line":15,"column":19},"end":{"line":15,"column":41}},"11":{"start":{"line":17,"column":4},"end":{"line":17,"column":68}},"12":{"start":{"line":19,"column":19},"end":{"line":19,"column":58}},"13":{"start":{"line":21,"column":4},"end":{"line":21,"column":44}},"14":{"start":{"line":22,"column":4},"end":{"line":22,"column":47}}},"fnMap":{"0":{"name":"(anonymous_0)","decl":{"start":{"line":9,"column":38},"end":{"line":9,"column":39}},"loc":{"start":{"line":9,"column":44},"end":{"line":24,"column":1}},"line":9},"1":{"name":"(anonymous_1)","decl":{"start":{"line":11,"column":82},"end":{"line":11,"column":83}},"loc":{"start":{"line":11,"column":94},"end":{"line":23,"column":3}},"line":11}},"branchMap":{},"s":{"0":1,"1":1,"2":1,"3":1,"4":1,"5":1,"6":1,"7":1,"8":1,"9":1,"10":1,"11":1,"12":1,"13":1,"14":1},"f":{"0":1,"1":1},"b":{},"_coverageSchema":"332fd63041d2c1bcb487cc26dd0d5f7d97098a6c","hash":"701426a3d3349c8319c70d5f7b427cebc2f75252","contentHash":"b6b36c64e4f646f2a11bb4c864fed60e_10.3.2"},"/home/stefano/repo/transcript/spec/transcript_yaml_spec.js":{"path":"/home/stefano/repo/transcript/spec/transcript_yaml_spec.js","statementMap":{"0":{"start":{"line":1,"column":13},"end":{"line":1,"column":30}},"1":{"start":{"line":2,"column":17},"end":{"line":2,"column":50}},"2":{"start":{"line":3,"column":11},"end":{"line":3,"column":24}},"3":{"start":{"line":4,"column":13},"end":{"line":4,"column":33}},"4":{"start":{"line":6,"column":15},"end":{"line":6,"column":28}},"5":{"start":{"line":7,"column":15},"end":{"line":7,"column":26}},"6":{"start":{"line":8,"column":15},"end":{"line":8,"column":26}},"7":{"start":{"line":10,"column":0},"end":{"line":25,"column":4}},"8":{"start":{"line":12,"column":2},"end":{"line":24,"column":6}},"9":{"start":{"line":14,"column":17},"end":{"line":14,"column":36}},"10":{"start":{"line":15,"column":19},"end":{"line":15,"column":40}},"11":{"start":{"line":16,"column":19},"end":{"line":16,"column":40}},"12":{"start":{"line":18,"column":4},"end":{"line":18,"column":68}},"13":{"start":{"line":20,"column":19},"end":{"line":20,"column":69}},"14":{"start":{"line":22,"column":4},"end":{"line":22,"column":44}},"15":{"start":{"line":23,"column":4},"end":{"line":23,"column":47}}},"fnMap":{"0":{"name":"(anonymous_0)","decl":{"start":{"line":10,"column":38},"end":{"line":10,"column":39}},"loc":{"start":{"line":10,"column":44},"end":{"line":25,"column":1}},"line":10},"1":{"name":"(anonymous_1)","decl":{"start":{"line":12,"column":82},"end":{"line":12,"column":83}},"loc":{"start":{"line":12,"column":94},"end":{"line":24,"column":3}},"line":12}},"branchMap":{},"s":{"0":1,"1":1,"2":1,"3":1,"4":1,"5":1,"6":1,"7":1,"8":1,"9":1,"10":1,"11":1,"12":1,"13":1,"14":1,"15":1},"f":{"0":1,"1":1},"b":{},"_coverageSchema":"332fd63041d2c1bcb487cc26dd0d5f7d97098a6c","hash":"ea2106657e696637574efd2285979255abeafb99","contentHash":"5dea0a27c8edde1a9fffdb443de187e0_10.3.2"}}